<?xml version="1.0" encoding="UTF-8"?>
<!-- Generated by org.testng.reporters.JUnitReportReporter -->
<testsuite hostname="LAPTOP-EANGCF5J" failures="0" tests="1" name="demo.SpanishPoint.TestDemo" time="9.860" errors="0" timestamp="2025-01-12T15:01:36 GMT" skipped="0">
  <testcase classname="demo.SpanishPoint.TestDemo" name="demoTest" time="9.860"/>
</testsuite> <!-- demo.SpanishPoint.TestDemo -->
